2025-03-29 14:20:43,561 - INFO - Iniciando extração do arquivo c:\temp\python\testesNivelamento\pdf_data_processing\src\..\..\webScraping\downloads\Anexo_I_Rol_2021RN_465.2021_RN627L.2024.pdf
2025-03-29 14:20:44,908 - INFO - Processando página 0/181
2025-03-29 14:20:44,941 - ERROR - Erro na extração: 'NoneType' object is not iterable
2025-03-29 14:22:49,829 - INFO - Iniciando extração do arquivo c:\temp\python\testesNivelamento\pdf_data_processing\src\..\..\webScraping\downloads\Anexo_I_Rol_2021RN_465.2021_RN627L.2024.pdf
2025-03-29 14:22:50,989 - INFO - Processando página 1/181
2025-03-29 14:22:51,017 - INFO - Processando página 2/181
2025-03-29 14:22:51,189 - INFO - Processando página 3/181
2025-03-29 14:22:51,747 - INFO - Processando página 4/181
2025-03-29 14:22:52,462 - INFO - Processando página 5/181
2025-03-29 14:22:53,197 - INFO - Processando página 6/181
2025-03-29 14:22:53,820 - INFO - Processando página 7/181
2025-03-29 14:22:54,439 - INFO - Processando página 8/181
2025-03-29 14:22:55,168 - INFO - Processando página 9/181
2025-03-29 14:22:55,831 - INFO - Processando página 10/181
2025-03-29 14:22:56,475 - INFO - Processando página 11/181
2025-03-29 14:22:57,066 - INFO - Processando página 12/181
2025-03-29 14:22:57,594 - INFO - Processando página 13/181
2025-03-29 14:22:58,048 - INFO - Processando página 14/181
2025-03-29 14:22:58,474 - INFO - Processando página 15/181
2025-03-29 14:22:58,922 - INFO - Processando página 16/181
2025-03-29 14:22:59,374 - INFO - Processando página 17/181
2025-03-29 14:22:59,948 - INFO - Processando página 18/181
2025-03-29 14:23:00,485 - INFO - Processando página 19/181
2025-03-29 14:23:00,977 - INFO - Processando página 20/181
2025-03-29 14:23:01,487 - INFO - Processando página 21/181
2025-03-29 14:23:02,088 - INFO - Processando página 22/181
2025-03-29 14:23:02,772 - INFO - Processando página 23/181
2025-03-29 14:23:03,335 - INFO - Processando página 24/181
2025-03-29 14:23:03,814 - INFO - Processando página 25/181
2025-03-29 14:23:04,257 - INFO - Processando página 26/181
2025-03-29 14:23:04,711 - INFO - Processando página 27/181
2025-03-29 14:23:05,166 - INFO - Processando página 28/181
2025-03-29 14:23:05,714 - INFO - Processando página 29/181
2025-03-29 14:23:06,171 - INFO - Processando página 30/181
2025-03-29 14:23:06,656 - INFO - Processando página 31/181
2025-03-29 14:23:07,127 - INFO - Processando página 32/181
2025-03-29 14:23:07,599 - INFO - Processando página 33/181
2025-03-29 14:23:08,061 - INFO - Processando página 34/181
2025-03-29 14:23:08,579 - INFO - Processando página 35/181
2025-03-29 14:23:09,096 - INFO - Processando página 36/181
2025-03-29 14:23:09,772 - INFO - Processando página 37/181
2025-03-29 14:23:10,267 - INFO - Processando página 38/181
2025-03-29 14:23:10,806 - INFO - Processando página 39/181
2025-03-29 14:23:11,342 - INFO - Processando página 40/181
2025-03-29 14:23:12,052 - INFO - Processando página 41/181
2025-03-29 14:23:12,675 - INFO - Processando página 42/181
2025-03-29 14:23:13,436 - INFO - Processando página 43/181
2025-03-29 14:23:14,046 - INFO - Processando página 44/181
2025-03-29 14:23:14,640 - INFO - Processando página 45/181
2025-03-29 14:23:15,293 - INFO - Processando página 46/181
2025-03-29 14:23:15,879 - INFO - Processando página 47/181
2025-03-29 14:23:16,452 - INFO - Processando página 48/181
2025-03-29 14:23:17,057 - INFO - Processando página 49/181
2025-03-29 14:23:17,670 - INFO - Processando página 50/181
2025-03-29 14:23:18,405 - INFO - Processando página 51/181
2025-03-29 14:23:19,024 - INFO - Processando página 52/181
2025-03-29 14:23:19,677 - INFO - Processando página 53/181
2025-03-29 14:23:20,380 - INFO - Processando página 54/181
2025-03-29 14:23:21,017 - INFO - Processando página 55/181
2025-03-29 14:23:21,645 - INFO - Processando página 56/181
2025-03-29 14:23:22,248 - INFO - Processando página 57/181
2025-03-29 14:23:22,849 - INFO - Processando página 58/181
2025-03-29 14:23:23,511 - INFO - Processando página 59/181
2025-03-29 14:23:24,346 - INFO - Processando página 60/181
2025-03-29 14:23:24,963 - INFO - Processando página 61/181
2025-03-29 14:23:25,502 - INFO - Processando página 62/181
2025-03-29 14:23:25,976 - INFO - Processando página 63/181
2025-03-29 14:23:26,436 - INFO - Processando página 64/181
2025-03-29 14:23:26,896 - INFO - Processando página 65/181
2025-03-29 14:23:27,386 - INFO - Processando página 66/181
2025-03-29 14:23:27,932 - INFO - Processando página 67/181
2025-03-29 14:23:28,418 - INFO - Processando página 68/181
2025-03-29 14:23:28,902 - INFO - Processando página 69/181
2025-03-29 14:23:29,480 - INFO - Processando página 70/181
2025-03-29 14:23:30,192 - INFO - Processando página 71/181
2025-03-29 14:23:31,290 - INFO - Processando página 72/181
2025-03-29 14:23:32,044 - INFO - Processando página 73/181
2025-03-29 14:23:32,521 - INFO - Processando página 74/181
2025-03-29 14:23:33,027 - INFO - Processando página 75/181
2025-03-29 14:23:33,581 - INFO - Processando página 76/181
2025-03-29 14:23:34,119 - INFO - Processando página 77/181
2025-03-29 14:23:34,664 - INFO - Processando página 78/181
2025-03-29 14:23:35,192 - INFO - Processando página 79/181
2025-03-29 14:23:35,697 - INFO - Processando página 80/181
2025-03-29 14:23:36,212 - INFO - Processando página 81/181
2025-03-29 14:23:36,704 - INFO - Processando página 82/181
2025-03-29 14:23:37,314 - INFO - Processando página 83/181
2025-03-29 14:23:37,935 - INFO - Processando página 84/181
2025-03-29 14:23:38,412 - INFO - Processando página 85/181
2025-03-29 14:23:39,337 - INFO - Processando página 86/181
2025-03-29 14:23:39,848 - INFO - Processando página 87/181
2025-03-29 14:23:40,396 - INFO - Processando página 88/181
2025-03-29 14:23:40,965 - INFO - Processando página 89/181
2025-03-29 14:23:41,530 - INFO - Processando página 90/181
2025-03-29 14:23:42,019 - INFO - Processando página 91/181
2025-03-29 14:23:42,525 - INFO - Processando página 92/181
2025-03-29 14:23:43,076 - INFO - Processando página 93/181
2025-03-29 14:23:43,656 - INFO - Processando página 94/181
2025-03-29 14:23:44,245 - INFO - Processando página 95/181
2025-03-29 14:23:44,799 - INFO - Processando página 96/181
2025-03-29 14:23:45,389 - INFO - Processando página 97/181
2025-03-29 14:23:45,907 - INFO - Processando página 98/181
2025-03-29 14:23:46,476 - INFO - Processando página 99/181
2025-03-29 14:23:47,146 - INFO - Processando página 100/181
2025-03-29 14:23:47,736 - INFO - Processando página 101/181
2025-03-29 14:23:48,388 - INFO - Processando página 102/181
2025-03-29 14:23:49,015 - INFO - Processando página 103/181
2025-03-29 14:23:49,977 - INFO - Processando página 104/181
2025-03-29 14:23:50,564 - INFO - Processando página 105/181
2025-03-29 14:23:51,139 - INFO - Processando página 106/181
2025-03-29 14:23:51,757 - INFO - Processando página 107/181
2025-03-29 14:23:52,400 - INFO - Processando página 108/181
2025-03-29 14:23:53,082 - INFO - Processando página 109/181
2025-03-29 14:23:53,754 - INFO - Processando página 110/181
2025-03-29 14:23:54,421 - INFO - Processando página 111/181
2025-03-29 14:23:55,173 - INFO - Processando página 112/181
2025-03-29 14:23:55,827 - INFO - Processando página 113/181
2025-03-29 14:23:56,490 - INFO - Processando página 114/181
2025-03-29 14:23:57,144 - INFO - Processando página 115/181
2025-03-29 14:23:57,712 - INFO - Processando página 116/181
2025-03-29 14:23:58,262 - INFO - Processando página 117/181
2025-03-29 14:23:58,880 - INFO - Processando página 118/181
2025-03-29 14:23:59,506 - INFO - Processando página 119/181
2025-03-29 14:24:00,173 - INFO - Processando página 120/181
2025-03-29 14:24:00,794 - INFO - Processando página 121/181
2025-03-29 14:24:01,817 - INFO - Processando página 122/181
2025-03-29 14:24:02,409 - INFO - Processando página 123/181
2025-03-29 14:24:02,930 - INFO - Processando página 124/181
2025-03-29 14:24:03,533 - INFO - Processando página 125/181
2025-03-29 14:24:04,076 - INFO - Processando página 126/181
2025-03-29 14:24:04,676 - INFO - Processando página 127/181
2025-03-29 14:24:05,188 - INFO - Processando página 128/181
2025-03-29 14:24:05,687 - INFO - Processando página 129/181
2025-03-29 14:24:06,244 - INFO - Processando página 130/181
2025-03-29 14:24:06,784 - INFO - Processando página 131/181
2025-03-29 14:24:07,302 - INFO - Processando página 132/181
2025-03-29 14:24:07,800 - INFO - Processando página 133/181
2025-03-29 14:24:08,297 - INFO - Processando página 134/181
2025-03-29 14:24:08,810 - INFO - Processando página 135/181
2025-03-29 14:24:09,303 - INFO - Processando página 136/181
2025-03-29 14:24:10,099 - INFO - Processando página 137/181
2025-03-29 14:24:10,700 - INFO - Processando página 138/181
2025-03-29 14:24:11,327 - INFO - Processando página 139/181
2025-03-29 14:24:12,019 - INFO - Processando página 140/181
2025-03-29 14:24:12,668 - INFO - Processando página 141/181
2025-03-29 14:24:13,533 - INFO - Processando página 142/181
2025-03-29 14:24:14,253 - INFO - Processando página 143/181
2025-03-29 14:24:15,407 - INFO - Processando página 144/181
2025-03-29 14:24:15,938 - INFO - Processando página 145/181
2025-03-29 14:24:16,501 - INFO - Processando página 146/181
2025-03-29 14:24:17,176 - INFO - Processando página 147/181
2025-03-29 14:24:17,939 - INFO - Processando página 148/181
2025-03-29 14:24:18,662 - INFO - Processando página 149/181
2025-03-29 14:24:19,300 - INFO - Processando página 150/181
2025-03-29 14:24:20,304 - INFO - Processando página 151/181
2025-03-29 14:24:20,945 - INFO - Processando página 152/181
2025-03-29 14:24:21,623 - INFO - Processando página 153/181
2025-03-29 14:24:22,392 - INFO - Processando página 154/181
2025-03-29 14:24:23,248 - INFO - Processando página 155/181
2025-03-29 14:24:23,929 - INFO - Processando página 156/181
2025-03-29 14:24:24,521 - INFO - Processando página 157/181
2025-03-29 14:24:25,087 - INFO - Processando página 158/181
2025-03-29 14:24:25,641 - INFO - Processando página 159/181
2025-03-29 14:24:26,233 - INFO - Processando página 160/181
2025-03-29 14:24:26,814 - INFO - Processando página 161/181
2025-03-29 14:24:27,430 - INFO - Processando página 162/181
2025-03-29 14:24:28,089 - INFO - Processando página 163/181
2025-03-29 14:24:28,647 - INFO - Processando página 164/181
2025-03-29 14:24:29,175 - INFO - Processando página 165/181
2025-03-29 14:24:29,827 - INFO - Processando página 166/181
2025-03-29 14:24:30,550 - INFO - Processando página 167/181
2025-03-29 14:24:31,958 - INFO - Processando página 168/181
2025-03-29 14:24:32,715 - INFO - Processando página 169/181
2025-03-29 14:24:33,492 - INFO - Processando página 170/181
2025-03-29 14:24:34,209 - INFO - Processando página 171/181
2025-03-29 14:24:34,825 - INFO - Processando página 172/181
2025-03-29 14:24:35,476 - INFO - Processando página 173/181
2025-03-29 14:24:36,164 - INFO - Processando página 174/181
2025-03-29 14:24:36,800 - INFO - Processando página 175/181
2025-03-29 14:24:37,419 - INFO - Processando página 176/181
2025-03-29 14:24:38,054 - INFO - Processando página 177/181
2025-03-29 14:24:38,581 - INFO - Processando página 178/181
2025-03-29 14:24:39,095 - INFO - Processando página 179/181
2025-03-29 14:24:39,620 - INFO - Processando página 180/181
2025-03-29 14:24:40,187 - INFO - Processando página 181/181
2025-03-29 14:24:40,472 - INFO - Extraídas 3373 linhas
2025-03-29 14:24:40,472 - INFO - Extração concluída com sucesso
